Arguments: 
  /usr/bin/node /usr/share/yarn/bin/yarn.js main

PATH: 
  /usr/local/bin:/usr/local/nginx/sbin:/usr/local/sbin:/usr/sbin:/sbin:/home/joshua/.local/bin:/usr/local/sbin:/usr/local/bin:/usr/sbin:/usr/bin:/sbin:/bin:/usr/games:/usr/local/games:/snap/bin:/bin:/home/joshua/go/bin

Yarn version: 
  1.19.1

Node version: 
  10.15.2

Platform: 
  linux x64

Trace: 
  SyntaxError: /home/joshua/paramount-tessitura-scripts/package.json: Unexpected string in JSON at position 185
      at JSON.parse (<anonymous>)
      at /usr/share/yarn/lib/cli.js:1625:59
      at Generator.next (<anonymous>)
      at step (/usr/share/yarn/lib/cli.js:304:30)
      at /usr/share/yarn/lib/cli.js:315:13

npm manifest: 
  {
    "name": "paramount-tessitura-scripts",
    "version": "1.0.0",
    "description": "",
    "main": "index.js",
    "scripts": {
      "test": "echo \"Error: no test specified\" && exit 1"
      "main": "node main.js
    },
    "repository": {
      "type": "git",
      "url": "git+https://github.com/ExProbitasFiducia/paramount-tessitura-scripts.git"
    },
    "author": "",
    "license": "ISC",
    "bugs": {
      "url": "https://github.com/ExProbitasFiducia/paramount-tessitura-scripts/issues"
    },
    "homepage": "https://github.com/ExProbitasFiducia/paramount-tessitura-scripts#readme"
  }

yarn manifest: 
  No manifest

Lockfile: 
  No lockfile
